\BOOKMARK [0][-]{chapter.1}{\376\377\000D\000i\000a\000g\000n\000o\000s\000t\000i\000c\000\040\000p\000r\000o\000c\000e\000s\000s}{}% 1
\BOOKMARK [1][-]{section.1.1}{\376\377\000C\000l\000i\000n\000i\000c\000a\000l\000\040\000I\000n\000f\000o\000r\000m\000a\000t\000i\000o\000n}{chapter.1}% 2
\BOOKMARK [2][-]{subsection.1.1.1}{\376\377\000G\000e\000n\000d\000e\000r}{section.1.1}% 3
\BOOKMARK [2][-]{subsection.1.1.2}{\376\377\000A\000g\000e}{section.1.1}% 4
\BOOKMARK [2][-]{subsection.1.1.3}{\376\377\000T\000i\000m\000i\000n\000g}{section.1.1}% 5
\BOOKMARK [2][-]{subsection.1.1.4}{\376\377\000L\000o\000c\000a\000t\000i\000o\000n}{section.1.1}% 6
\BOOKMARK [2][-]{subsection.1.1.5}{\376\377\000S\000i\000z\000e}{section.1.1}% 7
\BOOKMARK [2][-]{subsection.1.1.6}{\376\377\000D\000e\000p\000t\000h}{section.1.1}% 8
\BOOKMARK [1][-]{section.1.2}{\376\377\000N\000o\000t\000a\000b\000l\000e\000\040\000E\000x\000c\000e\000p\000t\000i\000o\000n\000s}{chapter.1}% 9
\BOOKMARK [2][-]{subsection.1.2.1}{\376\377\000S\000u\000p\000e\000r\000f\000i\000c\000i\000a\000l\000\040\000S\000a\000r\000c\000o\000m\000a\000s}{section.1.2}% 10
\BOOKMARK [2][-]{subsection.1.2.2}{\376\377\000B\000e\000n\000i\000g\000n\000\040\000D\000e\000e\000p\000\040\000T\000u\000m\000o\000r\000s}{section.1.2}% 11
\BOOKMARK [1][-]{section.1.3}{\376\377\000S\000i\000m\000u\000l\000a\000t\000o\000r\000s\000\040\000o\000f\000\040\000S\000a\000r\000c\000o\000m\000a}{chapter.1}% 12
\BOOKMARK [2][-]{subsection.1.3.1}{\376\377\000N\000o\000d\000u\000l\000a\000r\000\040\000F\000a\000s\000c\000i\000i\000t\000i\000s}{section.1.3}% 13
\BOOKMARK [2][-]{subsection.1.3.2}{\376\377\000O\000t\000h\000e\000r\000\040\000S\000a\000r\000c\000o\000m\000a\000\040\000S\000i\000m\000u\000l\000a\000t\000o\000r\000s}{section.1.3}% 14
\BOOKMARK [1][-]{section.1.4}{\376\377\000T\000h\000e\000\040\000d\000i\000a\000g\000n\000o\000s\000i\000s}{chapter.1}% 15
\BOOKMARK [1][-]{section.1.5}{\376\377\000A\000\040\000N\000o\000n\000-\000A\000l\000g\000o\000r\000i\000t\000h\000m\000i\000c\000\040\000A\000p\000p\000r\000o\000a\000c\000h\000\040\000t\000o\000\040\000D\000i\000a\000g\000n\000o\000s\000i\000s}{chapter.1}% 16
\BOOKMARK [2][-]{subsection.1.5.1}{\376\377\000D\000y\000n\000a\000m\000i\000c\000\040\000P\000r\000o\000c\000e\000s\000s\000\040\000o\000f\000\040\000D\000i\000a\000g\000n\000o\000s\000i\000s}{section.1.5}% 17
\BOOKMARK [2][-]{subsection.1.5.2}{\376\377\000C\000o\000g\000n\000i\000t\000i\000v\000e\000\040\000R\000e\000c\000o\000g\000n\000i\000t\000i\000o\000n\000\040\000i\000n\000\040\000D\000i\000a\000g\000n\000o\000s\000i\000s}{section.1.5}% 18
\BOOKMARK [2][-]{subsection.1.5.3}{\376\377\000T\000y\000p\000e\000\040\0001\000\040\000T\000h\000i\000n\000k\000i\000n\000g\000\040\000i\000n\000\040\000D\000i\000a\000g\000n\000o\000s\000i\000s}{section.1.5}% 19
\BOOKMARK [2][-]{subsection.1.5.4}{\376\377\000M\000a\000s\000t\000e\000r\000i\000n\000g\000\040\000D\000i\000a\000g\000n\000o\000s\000t\000i\000c\000\040\000E\000n\000t\000i\000t\000i\000e\000s}{section.1.5}% 20
\BOOKMARK [1][-]{section.1.6}{\376\377\000O\000v\000e\000r\000v\000i\000e\000w\000\040\000o\000f\000\040\000M\000o\000r\000p\000h\000o\000l\000o\000g\000i\000c\000a\000l\000\040\000F\000e\000a\000t\000u\000r\000e\000s}{chapter.1}% 21
\BOOKMARK [1][-]{section.1.7}{\376\377\000C\000e\000l\000l\000u\000l\000a\000r\000\040\000M\000o\000r\000p\000h\000o\000l\000o\000g\000y}{chapter.1}% 22
\BOOKMARK [2][-]{subsection.1.7.1}{\376\377\000S\000p\000i\000n\000d\000l\000e\000\040\000C\000e\000l\000l\000s}{section.1.7}% 23
\BOOKMARK [2][-]{subsection.1.7.2}{\376\377\000E\000p\000i\000t\000h\000e\000l\000i\000o\000i\000d\000\040\000C\000e\000l\000l\000s}{section.1.7}% 24
\BOOKMARK [2][-]{subsection.1.7.3}{\376\377\000R\000o\000u\000n\000d\000\040\000C\000e\000l\000l\000s}{section.1.7}% 25
\BOOKMARK [2][-]{subsection.1.7.4}{\376\377\000P\000l\000e\000o\000m\000o\000r\000p\000h\000i\000c\000\040\000C\000e\000l\000l\000s}{section.1.7}% 26
\BOOKMARK [2][-]{subsection.1.7.5}{\376\377\000B\000i\000p\000h\000a\000s\000i\000c\000\040\000N\000e\000o\000p\000l\000a\000s\000m\000s}{section.1.7}% 27
\BOOKMARK [2][-]{subsection.1.7.6}{\376\377\000F\000a\000t\000\040\000C\000e\000l\000l\000s\000\040\000a\000n\000d\000\040\000L\000i\000p\000o\000m\000a\000t\000o\000u\000s\000\040\000T\000u\000m\000o\000r\000s}{section.1.7}% 28
\BOOKMARK [1][-]{section.1.8}{\376\377\000A\000r\000c\000h\000i\000t\000e\000c\000t\000u\000r\000a\000l\000\040\000P\000a\000t\000t\000e\000r\000n\000s}{chapter.1}% 29
\BOOKMARK [2][-]{subsection.1.8.1}{\376\377\000F\000a\000s\000c\000i\000c\000u\000l\000a\000r\000\040\000P\000a\000t\000t\000e\000r\000n}{section.1.8}% 30
\BOOKMARK [2][-]{subsection.1.8.2}{\376\377\000P\000l\000e\000x\000i\000f\000o\000r\000m\000\040\000P\000a\000t\000t\000e\000r\000n}{section.1.8}% 31
\BOOKMARK [2][-]{subsection.1.8.3}{\376\377\000P\000a\000l\000i\000s\000a\000d\000i\000n\000g\000\040\000P\000a\000t\000t\000e\000r\000n}{section.1.8}% 32
\BOOKMARK [2][-]{subsection.1.8.4}{\376\377\000S\000t\000o\000r\000i\000f\000o\000r\000m\000\040\000P\000a\000t\000t\000e\000r\000n}{section.1.8}% 33
\BOOKMARK [2][-]{subsection.1.8.5}{\376\377\000L\000o\000b\000u\000l\000a\000t\000e\000d\000\040\000P\000a\000t\000t\000e\000r\000n}{section.1.8}% 34
\BOOKMARK [1][-]{section.1.9}{\376\377\000S\000t\000r\000o\000m\000a\000l\000\040\000F\000e\000a\000t\000u\000r\000e\000s}{chapter.1}% 35
\BOOKMARK [2][-]{subsection.1.9.1}{\376\377\000M\000y\000x\000o\000i\000d\000\040\000S\000t\000r\000o\000m\000a}{section.1.9}% 36
\BOOKMARK [2][-]{subsection.1.9.2}{\376\377\000C\000o\000l\000l\000a\000g\000e\000n\000\040\000D\000e\000p\000o\000s\000i\000t\000i\000o\000n}{section.1.9}% 37
\BOOKMARK [2][-]{subsection.1.9.3}{\376\377\000B\000o\000n\000e\000\040\000a\000n\000d\000\040\000C\000a\000r\000t\000i\000l\000a\000g\000e\000\040\000F\000o\000r\000m\000a\000t\000i\000o\000n}{section.1.9}% 38
\BOOKMARK [1][-]{section.1.10}{\376\377\000O\000t\000h\000e\000r\000\040\000M\000o\000r\000p\000h\000o\000l\000o\000g\000i\000c\000a\000l\000\040\000C\000o\000n\000s\000i\000d\000e\000r\000a\000t\000i\000o\000n\000s}{chapter.1}% 39
\BOOKMARK [1][-]{section.1.11}{\376\377\000I\000m\000m\000u\000n\000o\000c\000y\000t\000o\000c\000h\000e\000m\000i\000s\000t\000r\000y}{chapter.1}% 40
\BOOKMARK [2][-]{subsection.1.11.1}{\376\377\000G\000e\000n\000e\000r\000a\000l\000\040\000P\000r\000i\000n\000c\000i\000p\000l\000e\000s\000\040\000o\000f\000\040\000I\000m\000m\000u\000n\000o\000c\000y\000t\000o\000c\000h\000e\000m\000i\000s\000t\000r\000y}{section.1.11}% 41
\BOOKMARK [2][-]{subsection.1.11.2}{\376\377\000I\000n\000t\000e\000r\000m\000e\000d\000i\000a\000t\000e\000\040\000F\000i\000l\000a\000m\000e\000n\000t\000s\000:\000\040\000K\000e\000r\000a\000t\000i\000n\000s}{section.1.11}% 42
\BOOKMARK [2][-]{subsection.1.11.3}{\376\377\000C\000D\0003\0004}{section.1.11}% 43
\BOOKMARK [2][-]{subsection.1.11.4}{\376\377\000M\000u\000c\000i\000n\000s\000\040\000\050\000E\000M\000A\000\051}{section.1.11}% 44
\BOOKMARK [2][-]{subsection.1.11.5}{\376\377\000S\000m\000o\000o\000t\000h\000\040\000M\000u\000s\000c\000l\000e\000\040\000M\000a\000r\000k\000e\000r\000s}{section.1.11}% 45
\BOOKMARK [2][-]{subsection.1.11.6}{\376\377\000P\000e\000r\000i\000p\000h\000e\000r\000a\000l\000\040\000N\000e\000r\000v\000e\000\040\000S\000h\000e\000a\000t\000h\000\040\000T\000u\000m\000o\000r\000s\000\040\000\050\000P\000N\000S\000T\000\051}{section.1.11}% 46
\BOOKMARK [2][-]{subsection.1.11.7}{\376\377\000S\000t\000a\000i\000n\000i\000n\000g\000\040\000f\000o\000r\000\040\000M\000o\000l\000e\000c\000u\000l\000a\000r\000\040\000E\000v\000e\000n\000t\000s}{section.1.11}% 47
